[debug] [2026-02-04T17:04:52.814Z] ----------------------------------------------------------------------
[debug] [2026-02-04T17:04:52.820Z] Command:       /usr/local/bin/node /Users/alexbryantmacm12020/.npm-global/bin/firebase init firestore
[debug] [2026-02-04T17:04:52.820Z] CLI Version:   15.5.1
[debug] [2026-02-04T17:04:52.820Z] Platform:      darwin
[debug] [2026-02-04T17:04:52.820Z] Node Version:  v24.11.1
[debug] [2026-02-04T17:04:52.820Z] Time:          Wed Feb 04 2026 17:04:52 GMT+0000 (Greenwich Mean Time)
[debug] [2026-02-04T17:04:52.820Z] ----------------------------------------------------------------------
[debug] 
[info] 
     ######## #### ########  ######## ########     ###     ######  ########
     ##        ##  ##     ## ##       ##     ##  ##   ##  ##       ##
     ######    ##  ########  ######   ########  #########  ######  ######
     ##        ##  ##    ##  ##       ##     ## ##     ##       ## ##
     ##       #### ##     ## ######## ########  ##     ##  ######  ########

You're about to initialize a Firebase project in this directory:

  /Users/alexbryantmacm12020/AndroidStudioProjects/AIBackgroundRemover

[info] 
=== Project Setup
[info] 
[info] First, let's associate this project directory with a Firebase project.
[info] You can create multiple project aliases by running firebase use --add, 
[info] 
[debug] [2026-02-04T17:04:53.384Z] > command requires scopes: ["email","openid","https://www.googleapis.com/auth/cloudplatformprojects.readonly","https://www.googleapis.com/auth/firebase","https://www.googleapis.com/auth/cloud-platform"]
[debug] [2026-02-04T17:04:53.384Z] > authorizing via signed-in user (alexbryant3234@gmail.com)
[debug] [2026-02-04T17:04:53.385Z] Checked if tokens are valid: true, expires at: 1770228167901
[debug] [2026-02-04T17:04:53.385Z] Checked if tokens are valid: true, expires at: 1770228167901
[debug] [2026-02-04T17:04:53.385Z] >>> [apiv2][query] GET https://firebase.googleapis.com/v1beta1/projects/aiphotostudioapp [none]
[debug] [2026-02-04T17:04:53.916Z] <<< [apiv2][status] GET https://firebase.googleapis.com/v1beta1/projects/aiphotostudioapp 403
[debug] [2026-02-04T17:04:53.916Z] <<< [apiv2][body] GET https://firebase.googleapis.com/v1beta1/projects/aiphotostudioapp {"error":{"code":403,"message":"The caller does not have permission","status":"PERMISSION_DENIED"}}
[debug] [2026-02-04T17:04:53.917Z] Request to https://firebase.googleapis.com/v1beta1/projects/aiphotostudioapp had HTTP Error: 403, The caller does not have permission
[debug] [2026-02-04T17:04:53.919Z] FirebaseError: Request to https://firebase.googleapis.com/v1beta1/projects/aiphotostudioapp had HTTP Error: 403, The caller does not have permission
    at responseToError (/Users/alexbryantmacm12020/.npm-global/lib/node_modules/firebase-tools/lib/responseToError.js:53:12)
    at RetryOperation._fn (/Users/alexbryantmacm12020/.npm-global/lib/node_modules/firebase-tools/lib/apiv2.js:330:77)
    at process.processTicksAndRejections (node:internal/process/task_queues:103:5)
[error] 
[error] Error: Failed to get Firebase project aiphotostudioapp. Please make sure the project exists and your account has permission to access it.
